<?xml version="1.0" encoding="UTF-8"?>
<testsuite name="BullsCowsTest" tests="1" skipped="0" failures="0" errors="0" timestamp="2023-11-09T10:00:23" hostname="Ahmads-MacBook-Air.local" time="0.18">
  <properties/>
  <testcase name="start" classname="BullsCowsTest" time="0.18"/>
  <system-out><![CDATA[?[1;31m
Start test 1?[0m
Input the length of the secret code:
> 1
Input the number of possible symbols in the code:
> 10
The secret is prepared: * (0-9).
Okay, let's start a game!
Turn 1:
> 0
Grade: None.
Turn 2:
> 1
Grade: None.
Turn 3:
> 2
Grade: None.
Turn 4:
> 3
Grade: None.
Turn 5:
> 4
Grade: None.
Turn 6:
> 5
Grade: 1 bull.
Congratulations! You guessed the secret code.
?[1;31m
Start test 2?[0m
Input the length of the secret code:
> 4
Input the number of possible symbols in the code:
> 10
The secret is prepared: **** (0-9).
Okay, let's start a game!
Turn 1:
> 0000
Grade: None.
Turn 2:
> 1111
Grade: None.
Turn 3:
> 2222
Grade: 1 bull.
Turn 4:
> 3333
Grade: None.
Turn 5:
> 4444
Grade: None.
Turn 6:
> 5555
Grade: 1 bull.
Turn 7:
> 6666
Grade: 1 bull.
Turn 8:
> 7777
Grade: None.
Turn 9:
> 8888
Grade: 1 bull.
Turn 10:
> 2568
Grade: 1 bull and 3 cows.
Turn 11:
> 5268
Grade: 4 cows.
Turn 12:
> 6258
Grade: 4 cows.
Turn 13:
> 2658
Grade: 4 cows.
Turn 14:
> 5628
Grade: 1 bull and 3 cows.
Turn 15:
> 6528
Grade: 2 bulls and 2 cows.
Turn 16:
> 8526
Grade: 4 bulls.
Congratulations! You guessed the secret code.
?[1;31m
Start test 3?[0m
Input the length of the secret code:
> 6
Input the number of possible symbols in the code:
> 10
The secret is prepared: ****** (0-9).
Okay, let's start a game!
Turn 1:
> 000000
Grade: None.
Turn 2:
> 111111
Grade: 1 bull.
Turn 3:
> 222222
Grade: None.
Turn 4:
> 333333
Grade: 1 bull.
Turn 5:
> 444444
Grade: None.
Turn 6:
> 555555
Grade: 1 bull.
Turn 7:
> 666666
Grade: 1 bull.
Turn 8:
> 777777
Grade: 1 bull.
Turn 9:
> 888888
Grade: 1 bull.
Turn 10:
> 135678
Grade: 2 bulls and 4 cows.
Turn 11:
> 315678
Grade: 2 bulls and 4 cows.
Turn 12:
> 513678
Grade: 1 bull and 5 cows.
Turn 13:
> 153678
Grade: 1 bull and 5 cows.
Turn 14:
> 351678
Grade: 1 bull and 5 cows.
Turn 15:
> 531678
Grade: 1 bull and 5 cows.
Turn 16:
> 631578
Grade: 1 bull and 5 cows.
Turn 17:
> 361578
Grade: 2 bulls and 4 cows.
Turn 18:
> 163578
Grade: 2 bulls and 4 cows.
Turn 19:
> 613578
Grade: 1 bull and 5 cows.
Turn 20:
> 316578
Grade: 1 bull and 5 cows.
Turn 21:
> 136578
Grade: 1 bull and 5 cows.
Turn 22:
> 156378
Grade: 1 bull and 5 cows.
Turn 23:
> 516378
Grade: 1 bull and 5 cows.
Turn 24:
> 615378
Grade: 2 bulls and 4 cows.
Turn 25:
> 165378
Grade: 3 bulls and 3 cows.
Turn 26:
> 561378
Grade: 2 bulls and 4 cows.
Turn 27:
> 651378
Grade: 1 bull and 5 cows.
Turn 28:
> 653178
Grade: 2 bulls and 4 cows.
Turn 29:
> 563178
Grade: 3 bulls and 3 cows.
Turn 30:
> 365178
Grade: 4 bulls and 2 cows.
Turn 31:
> 635178
Grade: 3 bulls and 3 cows.
Turn 32:
> 536178
Grade: 2 bulls and 4 cows.
Turn 33:
> 356178
Grade: 2 bulls and 4 cows.
Turn 34:
> 756138
Grade: 4 bulls and 2 cows.
Turn 35:
> 576138
Grade: 3 bulls and 3 cows.
Turn 36:
> 675138
Grade: 4 bulls and 2 cows.
Turn 37:
> 765138
Grade: 6 bulls.
Congratulations! You guessed the secret code.
?[1;31m
Start test 4?[0m
Input the length of the secret code:
> 4
Input the number of possible symbols in the code:
> 16
The secret is prepared: **** (0-9, a-f).
Okay, let's start a game!
Turn 1:
> 0000
Grade: None.
Turn 2:
> 1111
Grade: None.
Turn 3:
> 2222
Grade: None.
Turn 4:
> 3333
Grade: None.
Turn 5:
> 4444
Grade: None.
Turn 6:
> 5555
Grade: 1 bull.
Turn 7:
> 6666
Grade: None.
Turn 8:
> 7777
Grade: None.
Turn 9:
> 8888
Grade: 1 bull.
Turn 10:
> 9999
Grade: None.
Turn 11:
> aaaa
Grade: None.
Turn 12:
> bbbb
Grade: None.
Turn 13:
> cccc
Grade: 1 bull.
Turn 14:
> dddd
Grade: 1 bull.
Turn 15:
> 58cd
Grade: 4 cows.
Turn 16:
> 85cd
Grade: 4 cows.
Turn 17:
> c58d
Grade: 2 bulls and 2 cows.
Turn 18:
> 5c8d
Grade: 1 bull and 3 cows.
Turn 19:
> 8c5d
Grade: 4 cows.
Turn 20:
> c85d
Grade: 1 bull and 3 cows.
Turn 21:
> d85c
Grade: 4 cows.
Turn 22:
> 8d5c
Grade: 1 bull and 3 cows.
Turn 23:
> 5d8c
Grade: 2 bulls and 2 cows.
Turn 24:
> d58c
Grade: 1 bull and 3 cows.
Turn 25:
> 85dc
Grade: 4 cows.
Turn 26:
> 58dc
Grade: 4 cows.
Turn 27:
> 5cd8
Grade: 4 cows.
Turn 28:
> c5d8
Grade: 1 bull and 3 cows.
Turn 29:
> d5c8
Grade: 4 cows.
Turn 30:
> 5dc8
Grade: 1 bull and 3 cows.
Turn 31:
> cd58
Grade: 2 bulls and 2 cows.
Turn 32:
> dc58
Grade: 4 cows.
Turn 33:
> dc85
Grade: 2 bulls and 2 cows.
Turn 34:
> cd85
Grade: 4 bulls.
Congratulations! You guessed the secret code.
?[1;31m
Start test 5?[0m
Input the length of the secret code:
> 6
Input the number of possible symbols in the code:
> 36
The secret is prepared: ****** (0-9, a-z).
Okay, let's start a game!
Turn 1:
> 000000
Grade: None.
Turn 2:
> 111111
Grade: 1 bull.
Turn 3:
> 222222
Grade: None.
Turn 4:
> 333333
Grade: None.
Turn 5:
> 444444
Grade: None.
Turn 6:
> 555555
Grade: None.
Turn 7:
> 666666
Grade: None.
Turn 8:
> 777777
Grade: None.
Turn 9:
> 888888
Grade: None.
Turn 10:
> 999999
Grade: None.
Turn 11:
> aaaaaa
Grade: None.
Turn 12:
> bbbbbb
Grade: None.
Turn 13:
> cccccc
Grade: None.
Turn 14:
> dddddd
Grade: 1 bull.
Turn 15:
> eeeeee
Grade: None.
Turn 16:
> ffffff
Grade: None.
Turn 17:
> gggggg
Grade: None.
Turn 18:
> hhhhhh
Grade: 1 bull.
Turn 19:
> iiiiii
Grade: None.
Turn 20:
> jjjjjj
Grade: None.
Turn 21:
> kkkkkk
Grade: None.
Turn 22:
> llllll
Grade: 1 bull.
Turn 23:
> mmmmmm
Grade: None.
Turn 24:
> nnnnnn
Grade: None.
Turn 25:
> oooooo
Grade: None.
Turn 26:
> pppppp
Grade: 1 bull.
Turn 27:
> qqqqqq
Grade: None.
Turn 28:
> rrrrrr
Grade: None.
Turn 29:
> ssssss
Grade: None.
Turn 30:
> tttttt
Grade: 1 bull.
Turn 31:
> 1dhlpt
Grade: 2 bulls and 4 cows.
Turn 32:
> d1hlpt
Grade: 1 bull and 5 cows.
Turn 33:
> h1dlpt
Grade: 1 bull and 5 cows.
Turn 34:
> 1hdlpt
Grade: 1 bull and 5 cows.
Turn 35:
> dh1lpt
Grade: 2 bulls and 4 cows.
Turn 36:
> hd1lpt
Grade: 3 bulls and 3 cows.
Turn 37:
> ld1hpt
Grade: 4 bulls and 2 cows.
Turn 38:
> dl1hpt
Grade: 3 bulls and 3 cows.
Turn 39:
> 1ldhpt
Grade: 2 bulls and 4 cows.
Turn 40:
> l1dhpt
Grade: 2 bulls and 4 cows.
Turn 41:
> d1lhpt
Grade: 2 bulls and 4 cows.
Turn 42:
> 1dlhpt
Grade: 3 bulls and 3 cows.
Turn 43:
> 1hldpt
Grade: 1 bull and 5 cows.
Turn 44:
> h1ldpt
Grade: 1 bull and 5 cows.
Turn 45:
> l1hdpt
Grade: 1 bull and 5 cows.
Turn 46:
> 1lhdpt
Grade: 1 bull and 5 cows.
Turn 47:
> hl1dpt
Grade: 2 bulls and 4 cows.
Turn 48:
> lh1dpt
Grade: 2 bulls and 4 cows.
Turn 49:
> lhd1pt
Grade: 1 bull and 5 cows.
Turn 50:
> hld1pt
Grade: 1 bull and 5 cows.
Turn 51:
> dlh1pt
Grade: 1 bull and 5 cows.
Turn 52:
> ldh1pt
Grade: 2 bulls and 4 cows.
Turn 53:
> hdl1pt
Grade: 2 bulls and 4 cows.
Turn 54:
> dhl1pt
Grade: 1 bull and 5 cows.
Turn 55:
> phl1dt
Grade: 2 bulls and 4 cows.
Turn 56:
> hpl1dt
Grade: 1 bull and 5 cows.
Turn 57:
> lph1dt
Grade: 1 bull and 5 cows.
Turn 58:
> plh1dt
Grade: 2 bulls and 4 cows.
Turn 59:
> hlp1dt
Grade: 1 bull and 5 cows.
Turn 60:
> lhp1dt
Grade: 1 bull and 5 cows.
Turn 61:
> 1hpldt
Grade: 1 bull and 5 cows.
Turn 62:
> h1pldt
Grade: 1 bull and 5 cows.
Turn 63:
> p1hldt
Grade: 2 bulls and 4 cows.
Turn 64:
> 1phldt
Grade: 1 bull and 5 cows.
Turn 65:
> hp1ldt
Grade: 2 bulls and 4 cows.
Turn 66:
> ph1ldt
Grade: 3 bulls and 3 cows.
Turn 67:
> pl1hdt
Grade: 4 bulls and 2 cows.
Turn 68:
> lp1hdt
Grade: 3 bulls and 3 cows.
Turn 69:
> 1plhdt
Grade: 2 bulls and 4 cows.
Turn 70:
> p1lhdt
Grade: 3 bulls and 3 cows.
Turn 71:
> l1phdt
Grade: 2 bulls and 4 cows.
Turn 72:
> 1lphdt
Grade: 2 bulls and 4 cows.
Turn 73:
> 1lhpdt
Grade: 1 bull and 5 cows.
Turn 74:
> l1hpdt
Grade: 1 bull and 5 cows.
Turn 75:
> h1lpdt
Grade: 1 bull and 5 cows.
Turn 76:
> 1hlpdt
Grade: 1 bull and 5 cows.
Turn 77:
> lh1pdt
Grade: 2 bulls and 4 cows.
Turn 78:
> hl1pdt
Grade: 2 bulls and 4 cows.
Turn 79:
> dl1pht
Grade: 2 bulls and 4 cows.
Turn 80:
> ld1pht
Grade: 3 bulls and 3 cows.
Turn 81:
> 1dlpht
Grade: 2 bulls and 4 cows.
Turn 82:
> d1lpht
Grade: 1 bull and 5 cows.
Turn 83:
> l1dpht
Grade: 1 bull and 5 cows.
Turn 84:
> 1ldpht
Grade: 1 bull and 5 cows.
Turn 85:
> pld1ht
Grade: 2 bulls and 4 cows.
Turn 86:
> lpd1ht
Grade: 1 bull and 5 cows.
Turn 87:
> dpl1ht
Grade: 1 bull and 5 cows.
Turn 88:
> pdl1ht
Grade: 3 bulls and 3 cows.
Turn 89:
> ldp1ht
Grade: 2 bulls and 4 cows.
Turn 90:
> dlp1ht
Grade: 1 bull and 5 cows.
Turn 91:
> d1plht
Grade: 1 bull and 5 cows.
Turn 92:
> 1dplht
Grade: 2 bulls and 4 cows.
Turn 93:
> pd1lht
Grade: 4 bulls and 2 cows.
Turn 94:
> dp1lht
Grade: 2 bulls and 4 cows.
Turn 95:
> 1pdlht
Grade: 1 bull and 5 cows.
Turn 96:
> p1dlht
Grade: 2 bulls and 4 cows.
Turn 97:
> p1ldht
Grade: 2 bulls and 4 cows.
Turn 98:
> 1pldht
Grade: 1 bull and 5 cows.
Turn 99:
> lp1dht
Grade: 2 bulls and 4 cows.
Turn 100:
> pl1dht
Grade: 3 bulls and 3 cows.
Turn 101:
> 1lpdht
Grade: 1 bull and 5 cows.
Turn 102:
> l1pdht
Grade: 1 bull and 5 cows.
Turn 103:
> h1pdlt
Grade: 2 bulls and 4 cows.
Turn 104:
> 1hpdlt
Grade: 2 bulls and 4 cows.
Turn 105:
> ph1dlt
Grade: 4 bulls and 2 cows.
Turn 106:
> hp1dlt
Grade: 3 bulls and 3 cows.
Turn 107:
> 1phdlt
Grade: 2 bulls and 4 cows.
Turn 108:
> p1hdlt
Grade: 3 bulls and 3 cows.
Turn 109:
> d1hplt
Grade: 2 bulls and 4 cows.
Turn 110:
> 1dhplt
Grade: 3 bulls and 3 cows.
Turn 111:
> hd1plt
Grade: 4 bulls and 2 cows.
Turn 112:
> dh1plt
Grade: 3 bulls and 3 cows.
Turn 113:
> 1hdplt
Grade: 2 bulls and 4 cows.
Turn 114:
> h1dplt
Grade: 2 bulls and 4 cows.
Turn 115:
> hpd1lt
Grade: 2 bulls and 4 cows.
Turn 116:
> phd1lt
Grade: 3 bulls and 3 cows.
Turn 117:
> dhp1lt
Grade: 2 bulls and 4 cows.
Turn 118:
> hdp1lt
Grade: 3 bulls and 3 cows.
Turn 119:
> pdh1lt
Grade: 4 bulls and 2 cows.
Turn 120:
> dph1lt
Grade: 2 bulls and 4 cows.
Turn 121:
> dp1hlt
Grade: 4 bulls and 2 cows.
Turn 122:
> pd1hlt
Grade: 6 bulls.
Congratulations! You guessed the secret code.
]]></system-out>
  <system-err><![CDATA[]]></system-err>
</testsuite>
